<?xml version="1.0" encoding="UTF-8"?>
<!-- Generated by org.testng.reporters.JUnitReportReporter -->
<testsuite hostname="admin" name="session_2.HmWk" tests="1" failures="0" timestamp="27 Nov 2017 03:16:39 GMT" time="7.746" errors="0">
  <testcase name="select" time="7.746" classname="session_2.HmWk"/>
</testsuite> <!-- session_2.HmWk -->
