<?xml version="1.0" encoding="UTF-8"?>
<!-- Generated by org.testng.reporters.JUnitReportReporter -->
<testsuite hostname="admin" name="session_2.Priority1" tests="3" failures="0" timestamp="24 Nov 2017 03:31:35 GMT" time="11.219" errors="0">
  <testcase name="open" time="8.123" classname="session_2.Priority1"/>
  <testcase name="close" time="2.348" classname="session_2.Priority1"/>
  <testcase name="login" time="0.748" classname="session_2.Priority1"/>
</testsuite> <!-- session_2.Priority1 -->
